<?xml version="1.0" encoding="UTF-8"?>
<!-- Generated by org.testng.reporters.JUnitReportReporter -->
<testsuite name="TestFramework.Basics3" tests="1" time="3.650" ignored="0" failures="0" timestamp="14 Jun 2018 06:56:16 GMT" skipped="0" hostname="ReddaiahOffice" errors="0">
  <testcase name="AddandDeletePlace" time="3.650" classname="TestFramework.Basics3"/>
</testsuite> <!-- TestFramework.Basics3 -->
