<?xml version="1.0" encoding="UTF-8"?>
<!-- Generated by org.testng.reporters.JUnitReportReporter -->
<testsuite name="TestFramework.Basics33test" tests="1" time="0.959" ignored="0" failures="0" timestamp="13 Jun 2018 11:17:09 GMT" skipped="0" hostname="ReddaiahOffice" errors="0">
  <testcase name="addandDelete" time="0.959" classname="TestFramework.Basics33test"/>
</testsuite> <!-- TestFramework.Basics33test -->
