<?xml version="1.0" encoding="UTF-8"?>
<!-- Generated by org.testng.reporters.JUnitReportReporter -->
<testsuite name="TestFramework.Basic_JsonTraverse" tests="1" time="1.384" ignored="0" failures="0" timestamp="13 Jun 2018 11:17:09 GMT" skipped="0" hostname="ReddaiahOffice" errors="0">
  <testcase name="Test" time="1.384" classname="TestFramework.Basic_JsonTraverse"/>
</testsuite> <!-- TestFramework.Basic_JsonTraverse -->
