<?xml version="1.0" encoding="UTF-8"?>
<!-- Generated by org.testng.reporters.JUnitReportReporter -->
<testsuite name="TestFramework.Basics2_Xml" tests="1" time="0.563" ignored="0" failures="0" timestamp="13 Jun 2018 11:17:09 GMT" skipped="0" hostname="ReddaiahOffice" errors="0">
  <testcase name="postDataXML" time="0.563" classname="TestFramework.Basics2_Xml"/>
</testsuite> <!-- TestFramework.Basics2_Xml -->
