<?xml version="1.0" encoding="UTF-8"?>
<!-- Generated by org.testng.reporters.JUnitReportReporter -->
<testsuite name="TestFramework.Basics33test" tests="1" time="0.966" ignored="0" failures="0" timestamp="21 Jun 2018 12:47:44 GMT" skipped="0" hostname="ReddaiahOffice" errors="0">
  <testcase name="addandDelete" time="0.966" classname="TestFramework.Basics33test"/>
</testsuite> <!-- TestFramework.Basics33test -->
