<?xml version="1.0" encoding="UTF-8"?>
<!-- Generated by org.testng.reporters.JUnitReportReporter -->
<testsuite name="TestFramework.Basics2" tests="1" time="0.479" ignored="0" failures="0" timestamp="21 Jun 2018 12:47:44 GMT" skipped="0" hostname="ReddaiahOffice" errors="0">
  <testcase name="createPlaceAPI" time="0.479" classname="TestFramework.Basics2"/>
</testsuite> <!-- TestFramework.Basics2 -->
