<?xml version="1.0" encoding="UTF-8"?>
<!-- Generated by org.testng.reporters.JUnitReportReporter -->
<testsuite name="TestFramework.Basics3" tests="1" time="3.794" ignored="0" failures="0" timestamp="21 Jun 2018 12:47:44 GMT" skipped="0" hostname="ReddaiahOffice" errors="0">
  <testcase name="AddandDeletePlace" time="3.794" classname="TestFramework.Basics3"/>
</testsuite> <!-- TestFramework.Basics3 -->
